<?xml version="1.0" encoding="UTF-8"?>
<!-- Generated by org.testng.reporters.JUnitReportReporter -->
<testsuite skipped="1" hostname="DESKTOP-7AG7O94" name="testCases.LoginTest" tests="1" failures="0" timestamp="2020-12-28T06:15:06 PST" time="0.000" errors="0">
  <testcase name="logInTest" time="0.000" classname="testCases.LoginTest">
    <skipped/>
  </testcase> <!-- logInTest -->
  <system-out/>
</testsuite> <!-- testCases.LoginTest -->
